<?xml version="1.0" encoding="UTF-8"?>
<testng-results ignored="0" total="7" passed="7" failed="0" skipped="0">
  <reporter-output>
  </reporter-output>
  <suite started-at="2022-12-26T22:40:02 IST" name="Default suite" finished-at="2022-12-26T22:40:46 IST" duration-ms="44154">
    <groups>
    </groups>
    <test started-at="2022-12-26T22:40:02 IST" name="Default test" finished-at="2022-12-26T22:40:46 IST" duration-ms="44154">
      <class name="com.sgtesting.practice1.Demo4">
        <test-method signature="LaunchBrowser()[pri:1, instance:com.sgtesting.practice1.Demo4@1b1426f4]" started-at="2022-12-26T22:40:02 IST" name="LaunchBrowser" finished-at="2022-12-26T22:40:04 IST" duration-ms="2129" status="PASS">
          <reporter-output>
          </reporter-output>
        </test-method> <!-- LaunchBrowser -->
        <test-method signature="navigate()[pri:2, instance:com.sgtesting.practice1.Demo4@1b1426f4]" started-at="2022-12-26T22:40:04 IST" name="navigate" finished-at="2022-12-26T22:40:22 IST" duration-ms="18355" status="PASS">
          <reporter-output>
          </reporter-output>
        </test-method> <!-- navigate -->
        <test-method signature="login()[pri:3, instance:com.sgtesting.practice1.Demo4@1b1426f4]" started-at="2022-12-26T22:40:22 IST" name="login" finished-at="2022-12-26T22:40:27 IST" duration-ms="5231" status="PASS">
          <reporter-output>
          </reporter-output>
        </test-method> <!-- login -->
        <test-method signature="creatCustomer()[pri:4, instance:com.sgtesting.practice1.Demo4@1b1426f4]" started-at="2022-12-26T22:40:27 IST" name="creatCustomer" finished-at="2022-12-26T22:40:32 IST" duration-ms="4711" status="PASS">
          <reporter-output>
          </reporter-output>
        </test-method> <!-- creatCustomer -->
        <test-method signature="DeleteCustomwer()[pri:5, instance:com.sgtesting.practice1.Demo4@1b1426f4]" started-at="2022-12-26T22:40:32 IST" name="DeleteCustomwer" finished-at="2022-12-26T22:40:40 IST" duration-ms="8262" status="PASS">
          <reporter-output>
          </reporter-output>
        </test-method> <!-- DeleteCustomwer -->
        <test-method signature="Logout()[pri:6, instance:com.sgtesting.practice1.Demo4@1b1426f4]" started-at="2022-12-26T22:40:40 IST" name="Logout" finished-at="2022-12-26T22:40:45 IST" duration-ms="5218" status="PASS">
          <reporter-output>
          </reporter-output>
        </test-method> <!-- Logout -->
        <test-method signature="closeApplication()[pri:7, instance:com.sgtesting.practice1.Demo4@1b1426f4]" started-at="2022-12-26T22:40:45 IST" name="closeApplication" finished-at="2022-12-26T22:40:46 IST" duration-ms="193" status="PASS">
          <reporter-output>
          </reporter-output>
        </test-method> <!-- closeApplication -->
      </class> <!-- com.sgtesting.practice1.Demo4 -->
    </test> <!-- Default test -->
  </suite> <!-- Default suite -->
</testng-results>
